0 info it worked if it ends with ok
1 verbose cli [ 'node', '/usr/local/bin/npm', 'publish' ]
2 info using npm@1.3.17
3 info using node@v0.10.23
4 verbose publish [ '.' ]
5 verbose cache add [ '.', null ]
6 verbose cache add name=undefined spec="." args=[".",null]
7 verbose parsed url { protocol: null,
7 verbose parsed url   slashes: null,
7 verbose parsed url   auth: null,
7 verbose parsed url   host: null,
7 verbose parsed url   port: null,
7 verbose parsed url   hostname: null,
7 verbose parsed url   hash: null,
7 verbose parsed url   search: null,
7 verbose parsed url   query: null,
7 verbose parsed url   pathname: '.',
7 verbose parsed url   path: '.',
7 verbose parsed url   href: '.' }
8 silly lockFile 3a52ce78- .
9 verbose lock . /Users/renanveroneze/.npm/3a52ce78-.lock
10 verbose tar pack [ '/var/folders/6n/7v97m16d333025xkkc07r0wc0000gp/T/npm-1704-4-DsSeTb/1391882657979-0.09684699191711843/tmp.tgz',
10 verbose tar pack   '.' ]
11 verbose tarball /var/folders/6n/7v97m16d333025xkkc07r0wc0000gp/T/npm-1704-4-DsSeTb/1391882657979-0.09684699191711843/tmp.tgz
12 verbose folder .
13 info prepublish web-server-rewrite@0.3.9
14 silly lockFile 1f1177db-tar tar://.
15 verbose lock tar://. /Users/renanveroneze/.npm/1f1177db-tar.lock
16 silly lockFile 9a51d85e-7979-0-09684699191711843-tmp-tgz tar:///var/folders/6n/7v97m16d333025xkkc07r0wc0000gp/T/npm-1704-4-DsSeTb/1391882657979-0.09684699191711843/tmp.tgz
17 verbose lock tar:///var/folders/6n/7v97m16d333025xkkc07r0wc0000gp/T/npm-1704-4-DsSeTb/1391882657979-0.09684699191711843/tmp.tgz /Users/renanveroneze/.npm/9a51d85e-7979-0-09684699191711843-tmp-tgz.lock
18 silly lockFile 1f1177db-tar tar://.
19 silly lockFile 1f1177db-tar tar://.
20 silly lockFile 9a51d85e-7979-0-09684699191711843-tmp-tgz tar:///var/folders/6n/7v97m16d333025xkkc07r0wc0000gp/T/npm-1704-4-DsSeTb/1391882657979-0.09684699191711843/tmp.tgz
21 silly lockFile 9a51d85e-7979-0-09684699191711843-tmp-tgz tar:///var/folders/6n/7v97m16d333025xkkc07r0wc0000gp/T/npm-1704-4-DsSeTb/1391882657979-0.09684699191711843/tmp.tgz
22 verbose tar unpack /var/folders/6n/7v97m16d333025xkkc07r0wc0000gp/T/npm-1704-4-DsSeTb/1391882657979-0.09684699191711843/tmp.tgz
23 silly lockFile d96b9233-7979-0-09684699191711843-package tar:///var/folders/6n/7v97m16d333025xkkc07r0wc0000gp/T/npm-1704-4-DsSeTb/1391882657979-0.09684699191711843/package
24 verbose lock tar:///var/folders/6n/7v97m16d333025xkkc07r0wc0000gp/T/npm-1704-4-DsSeTb/1391882657979-0.09684699191711843/package /Users/renanveroneze/.npm/d96b9233-7979-0-09684699191711843-package.lock
25 silly lockFile 9a51d85e-7979-0-09684699191711843-tmp-tgz tar:///var/folders/6n/7v97m16d333025xkkc07r0wc0000gp/T/npm-1704-4-DsSeTb/1391882657979-0.09684699191711843/tmp.tgz
26 verbose lock tar:///var/folders/6n/7v97m16d333025xkkc07r0wc0000gp/T/npm-1704-4-DsSeTb/1391882657979-0.09684699191711843/tmp.tgz /Users/renanveroneze/.npm/9a51d85e-7979-0-09684699191711843-tmp-tgz.lock
27 silly gunzTarPerm modes [ '755', '644' ]
28 silly gunzTarPerm extractEntry package.json
29 silly gunzTarPerm extractEntry README.md
30 silly gunzTarPerm extractEntry bin/web-server
31 silly gunzTarPerm extractEntry lib/argv.js
32 silly gunzTarPerm extractEntry lib/mime.js
33 silly gunzTarPerm extractEntry lib/requests.js
34 silly gunzTarPerm extractEntry lib/rewrite.js
35 silly gunzTarPerm extractEntry lib/server.js
36 silly lockFile d96b9233-7979-0-09684699191711843-package tar:///var/folders/6n/7v97m16d333025xkkc07r0wc0000gp/T/npm-1704-4-DsSeTb/1391882657979-0.09684699191711843/package
37 silly lockFile d96b9233-7979-0-09684699191711843-package tar:///var/folders/6n/7v97m16d333025xkkc07r0wc0000gp/T/npm-1704-4-DsSeTb/1391882657979-0.09684699191711843/package
38 silly lockFile 9a51d85e-7979-0-09684699191711843-tmp-tgz tar:///var/folders/6n/7v97m16d333025xkkc07r0wc0000gp/T/npm-1704-4-DsSeTb/1391882657979-0.09684699191711843/tmp.tgz
39 silly lockFile 9a51d85e-7979-0-09684699191711843-tmp-tgz tar:///var/folders/6n/7v97m16d333025xkkc07r0wc0000gp/T/npm-1704-4-DsSeTb/1391882657979-0.09684699191711843/tmp.tgz
40 verbose tar pack [ '/Users/renanveroneze/.npm/web-server-rewrite/0.3.9/package.tgz',
40 verbose tar pack   '/var/folders/6n/7v97m16d333025xkkc07r0wc0000gp/T/npm-1704-4-DsSeTb/1391882657979-0.09684699191711843/package' ]
41 verbose tarball /Users/renanveroneze/.npm/web-server-rewrite/0.3.9/package.tgz
42 verbose folder /var/folders/6n/7v97m16d333025xkkc07r0wc0000gp/T/npm-1704-4-DsSeTb/1391882657979-0.09684699191711843/package
43 silly lockFile d96b9233-7979-0-09684699191711843-package tar:///var/folders/6n/7v97m16d333025xkkc07r0wc0000gp/T/npm-1704-4-DsSeTb/1391882657979-0.09684699191711843/package
44 verbose lock tar:///var/folders/6n/7v97m16d333025xkkc07r0wc0000gp/T/npm-1704-4-DsSeTb/1391882657979-0.09684699191711843/package /Users/renanveroneze/.npm/d96b9233-7979-0-09684699191711843-package.lock
45 silly lockFile bc3ddd9e-server-rewrite-0-3-9-package-tgz tar:///Users/renanveroneze/.npm/web-server-rewrite/0.3.9/package.tgz
46 verbose lock tar:///Users/renanveroneze/.npm/web-server-rewrite/0.3.9/package.tgz /Users/renanveroneze/.npm/bc3ddd9e-server-rewrite-0-3-9-package-tgz.lock
47 silly lockFile d96b9233-7979-0-09684699191711843-package tar:///var/folders/6n/7v97m16d333025xkkc07r0wc0000gp/T/npm-1704-4-DsSeTb/1391882657979-0.09684699191711843/package
48 silly lockFile d96b9233-7979-0-09684699191711843-package tar:///var/folders/6n/7v97m16d333025xkkc07r0wc0000gp/T/npm-1704-4-DsSeTb/1391882657979-0.09684699191711843/package
49 silly lockFile bc3ddd9e-server-rewrite-0-3-9-package-tgz tar:///Users/renanveroneze/.npm/web-server-rewrite/0.3.9/package.tgz
50 silly lockFile bc3ddd9e-server-rewrite-0-3-9-package-tgz tar:///Users/renanveroneze/.npm/web-server-rewrite/0.3.9/package.tgz
51 silly lockFile f014f606-web-server-rewrite-0-3-9-package /Users/renanveroneze/.npm/web-server-rewrite/0.3.9/package
52 verbose lock /Users/renanveroneze/.npm/web-server-rewrite/0.3.9/package /Users/renanveroneze/.npm/f014f606-web-server-rewrite-0-3-9-package.lock
53 silly lockFile f014f606-web-server-rewrite-0-3-9-package /Users/renanveroneze/.npm/web-server-rewrite/0.3.9/package
54 silly lockFile f014f606-web-server-rewrite-0-3-9-package /Users/renanveroneze/.npm/web-server-rewrite/0.3.9/package
55 verbose tar unpack /Users/renanveroneze/.npm/web-server-rewrite/0.3.9/package.tgz
56 silly lockFile e162cbd3-web-server-rewrite-0-3-9-package tar:///Users/renanveroneze/.npm/web-server-rewrite/0.3.9/package
57 verbose lock tar:///Users/renanveroneze/.npm/web-server-rewrite/0.3.9/package /Users/renanveroneze/.npm/e162cbd3-web-server-rewrite-0-3-9-package.lock
58 silly lockFile bc3ddd9e-server-rewrite-0-3-9-package-tgz tar:///Users/renanveroneze/.npm/web-server-rewrite/0.3.9/package.tgz
59 verbose lock tar:///Users/renanveroneze/.npm/web-server-rewrite/0.3.9/package.tgz /Users/renanveroneze/.npm/bc3ddd9e-server-rewrite-0-3-9-package-tgz.lock
60 silly gunzTarPerm modes [ '755', '644' ]
61 silly gunzTarPerm extractEntry package.json
62 silly gunzTarPerm extractEntry README.md
63 silly gunzTarPerm extractEntry bin/web-server
64 silly gunzTarPerm extractEntry lib/argv.js
65 silly gunzTarPerm extractEntry lib/mime.js
66 silly gunzTarPerm extractEntry lib/requests.js
67 silly gunzTarPerm extractEntry lib/rewrite.js
68 silly gunzTarPerm extractEntry lib/server.js
69 silly lockFile e162cbd3-web-server-rewrite-0-3-9-package tar:///Users/renanveroneze/.npm/web-server-rewrite/0.3.9/package
70 silly lockFile e162cbd3-web-server-rewrite-0-3-9-package tar:///Users/renanveroneze/.npm/web-server-rewrite/0.3.9/package
71 silly lockFile bc3ddd9e-server-rewrite-0-3-9-package-tgz tar:///Users/renanveroneze/.npm/web-server-rewrite/0.3.9/package.tgz
72 silly lockFile bc3ddd9e-server-rewrite-0-3-9-package-tgz tar:///Users/renanveroneze/.npm/web-server-rewrite/0.3.9/package.tgz
73 verbose chmod /Users/renanveroneze/.npm/web-server-rewrite/0.3.9/package.tgz 644
74 verbose chown /Users/renanveroneze/.npm/web-server-rewrite/0.3.9/package.tgz [ 502, 20 ]
75 silly lockFile 3a52ce78- .
76 silly lockFile 3a52ce78- .
77 silly publish { author: { name: 'Renan Veroneze' },
77 silly publish   name: 'web-server-rewrite',
77 silly publish   description: 'Small HTTP server',
77 silly publish   version: '0.3.9',
77 silly publish   main: './lib/server.js',
77 silly publish   bin: { 'web-server': './bin/web-server' },
77 silly publish   repository:
77 silly publish    { type: 'git',
77 silly publish      url: 'https://github.com/renanveroneze/web-server-rewrite' },
77 silly publish   readmeFilename: 'README.md',
77 silly publish   dependencies: { execSync: '~1.0.1-pre' },
77 silly publish   readme: '# Web Server ReWrite\n\nA beautiful http server with php process and rewrite options (.htaccess)\n\n\n## Install\n\n```bash\nsudo npm install -g web-server-rewrite\n```\n\n\n## How to start\n\nTo activate options rewriting, you must create a file called `rewrite.json` in your root project folder\n\nThe structure of `rewrite.json` is:\n```js\n{\n    "pages": {\n        "/": "index.html",\n        "/produtos": "produtos.html",\n        "/produtos/:name/:id": "products.php?name=$1&id=$2",\n        "/usuario/([a-z0-9.-_]+)": "user.php?user=$1"\n    }\n}\n```\n\nRegExp to RestFull style shortcuts:\n```\n:name, :page, :action, :module => ([\\w]+)\n:id => ([\\d]+)\n```\n\n\n\n```bash\n\nUsage: web-server [options]\n\nOptions:\n\n  -p, --port     change port to server listen\n  -b, --base     root folder for web access\n\nExamples:\n\n  $ web-server --port=3000\n  $ web-server -b=public_html/\n\n```\n',
77 silly publish   bugs: { url: 'https://github.com/renanveroneze/web-server-rewrite/issues' },
77 silly publish   homepage: 'https://github.com/renanveroneze/web-server-rewrite',
77 silly publish   _id: 'web-server-rewrite@0.3.9',
77 silly publish   dist: { shasum: '190f8b609d6387e5cbae8319251e5e5993a8f717' },
77 silly publish   _from: '.' }
78 verbose url raw web-server-rewrite
79 verbose url resolving [ 'https://registry.npmjs.org/', './web-server-rewrite' ]
80 verbose url resolved https://registry.npmjs.org/web-server-rewrite
81 info trying registry request attempt 1 at 16:04:18
82 http PUT https://registry.npmjs.org/web-server-rewrite
83 http 409 https://registry.npmjs.org/web-server-rewrite
84 verbose url raw web-server-rewrite
85 verbose url resolving [ 'https://registry.npmjs.org/', './web-server-rewrite' ]
86 verbose url resolved https://registry.npmjs.org/web-server-rewrite
87 info trying registry request attempt 1 at 16:04:19
88 http GET https://registry.npmjs.org/web-server-rewrite
89 http 200 https://registry.npmjs.org/web-server-rewrite
90 error publish fail Cannot publish over existing version.
90 error publish fail Update the 'version' field in package.json and try again.
90 error publish fail
90 error publish fail If the previous version was published in error, see:
90 error publish fail     npm help unpublish
90 error publish fail
90 error publish fail To automatically increment version numbers, see:
90 error publish fail     npm help version
91 error System Darwin 13.0.0
92 error command "node" "/usr/local/bin/npm" "publish"
93 error cwd /Users/renanveroneze/Sites/web-server-rewrite
94 error node -v v0.10.23
95 error npm -v 1.3.17
96 error code EPUBLISHCONFLICT
97 verbose exit [ 1, true ]
